{"/home/pose1d0n/Desktop/javascript/Travel-Buddy-Finder/backend/middleware/testAuth.js": {"path":"/home/pose1d0n/Desktop/javascript/Travel-Buddy-Finder/backend/middleware/testAuth.js","statementMap":{"0":{"start":{"line":1,"column":12},"end":{"line":1,"column":35}},"1":{"start":{"line":2,"column":13},"end":{"line":2,"column":38}},"2":{"start":{"line":3,"column":17},"end":{"line":3,"column":45}},"3":{"start":{"line":5,"column":0},"end":{"line":49,"column":2}},"4":{"start":{"line":6,"column":4},"end":{"line":48,"column":5}},"5":{"start":{"line":9,"column":8},"end":{"line":11,"column":9}},"6":{"start":{"line":10,"column":12},"end":{"line":10,"column":60}},"7":{"start":{"line":13,"column":8},"end":{"line":15,"column":9}},"8":{"start":{"line":14,"column":12},"end":{"line":14,"column":60}},"9":{"start":{"line":18,"column":24},"end":{"line":18,"column":65}},"10":{"start":{"line":21,"column":19},"end":{"line":21,"column":50}},"11":{"start":{"line":25,"column":8},"end":{"line":41,"column":9}},"12":{"start":{"line":26,"column":12},"end":{"line":38,"column":15}},"13":{"start":{"line":39,"column":15},"end":{"line":41,"column":9}},"14":{"start":{"line":40,"column":12},"end":{"line":40,"column":97}},"15":{"start":{"line":44,"column":8},"end":{"line":44,"column":24}},"16":{"start":{"line":45,"column":8},"end":{"line":45,"column":15}},"17":{"start":{"line":47,"column":8},"end":{"line":47,"column":71}},"18":{"start":{"line":51,"column":0},"end":{"line":58,"column":2}},"19":{"start":{"line":52,"column":4},"end":{"line":57,"column":6}},"20":{"start":{"line":53,"column":8},"end":{"line":55,"column":9}},"21":{"start":{"line":54,"column":12},"end":{"line":54,"column":96}},"22":{"start":{"line":56,"column":8},"end":{"line":56,"column":15}}},"fnMap":{"0":{"name":"(anonymous_0)","decl":{"start":{"line":5,"column":18},"end":{"line":5,"column":19}},"loc":{"start":{"line":5,"column":44},"end":{"line":49,"column":1}},"line":5},"1":{"name":"(anonymous_1)","decl":{"start":{"line":51,"column":21},"end":{"line":51,"column":22}},"loc":{"start":{"line":51,"column":35},"end":{"line":58,"column":1}},"line":51},"2":{"name":"(anonymous_2)","decl":{"start":{"line":52,"column":11},"end":{"line":52,"column":12}},"loc":{"start":{"line":52,"column":31},"end":{"line":57,"column":5}},"line":52}},"branchMap":{"0":{"loc":{"start":{"line":9,"column":8},"end":{"line":11,"column":9}},"type":"if","locations":[{"start":{"line":9,"column":8},"end":{"line":11,"column":9}},{"start":{},"end":{}}],"line":9},"1":{"loc":{"start":{"line":9,"column":12},"end":{"line":9,"column":87}},"type":"binary-expr","locations":[{"start":{"line":9,"column":12},"end":{"line":9,"column":37}},{"start":{"line":9,"column":41},"end":{"line":9,"column":87}}],"line":9},"2":{"loc":{"start":{"line":13,"column":8},"end":{"line":15,"column":9}},"type":"if","locations":[{"start":{"line":13,"column":8},"end":{"line":15,"column":9}},{"start":{},"end":{}}],"line":13},"3":{"loc":{"start":{"line":25,"column":8},"end":{"line":41,"column":9}},"type":"if","locations":[{"start":{"line":25,"column":8},"end":{"line":41,"column":9}},{"start":{"line":39,"column":15},"end":{"line":41,"column":9}}],"line":25},"4":{"loc":{"start":{"line":25,"column":12},"end":{"line":25,"column":52}},"type":"binary-expr","locations":[{"start":{"line":25,"column":12},"end":{"line":25,"column":17}},{"start":{"line":25,"column":21},"end":{"line":25,"column":52}}],"line":25},"5":{"loc":{"start":{"line":29,"column":23},"end":{"line":29,"column":58}},"type":"binary-expr","locations":[{"start":{"line":29,"column":23},"end":{"line":29,"column":36}},{"start":{"line":29,"column":40},"end":{"line":29,"column":58}}],"line":29},"6":{"loc":{"start":{"line":31,"column":33},"end":{"line":31,"column":72}},"type":"binary-expr","locations":[{"start":{"line":31,"column":33},"end":{"line":31,"column":56}},{"start":{"line":31,"column":60},"end":{"line":31,"column":72}}],"line":31},"7":{"loc":{"start":{"line":32,"column":35},"end":{"line":37,"column":17}},"type":"binary-expr","locations":[{"start":{"line":32,"column":35},"end":{"line":32,"column":60}},{"start":{"line":32,"column":64},"end":{"line":37,"column":17}}],"line":32},"8":{"loc":{"start":{"line":39,"column":15},"end":{"line":41,"column":9}},"type":"if","locations":[{"start":{"line":39,"column":15},"end":{"line":41,"column":9}},{"start":{},"end":{}}],"line":39},"9":{"loc":{"start":{"line":53,"column":8},"end":{"line":55,"column":9}},"type":"if","locations":[{"start":{"line":53,"column":8},"end":{"line":55,"column":9}},{"start":{},"end":{}}],"line":53}},"s":{"0":1,"1":1,"2":1,"3":1,"4":10,"5":10,"6":10,"7":10,"8":0,"9":10,"10":10,"11":10,"12":10,"13":0,"14":0,"15":10,"16":10,"17":0,"18":1,"19":0,"20":0,"21":0,"22":0},"f":{"0":10,"1":0,"2":0},"b":{"0":[10,0],"1":[10,10],"2":[0,10],"3":[10,0],"4":[10,10],"5":[10,0],"6":[10,0],"7":[10,0],"8":[0,0],"9":[0,0]},"inputSourceMap":null,"_coverageSchema":"1a1c01bbd47fc00a2c39e90264f33305004495a9","hash":"8df6a102495ddc19f6fd25d7455da721216c0179"}
,"/home/pose1d0n/Desktop/javascript/Travel-Buddy-Finder/backend/models/Group.js": {"path":"/home/pose1d0n/Desktop/javascript/Travel-Buddy-Finder/backend/models/Group.js","statementMap":{"0":{"start":{"line":1,"column":17},"end":{"line":1,"column":36}},"1":{"start":{"line":3,"column":20},"end":{"line":134,"column":2}},"2":{"start":{"line":48,"column":35},"end":{"line":48,"column":65}},"3":{"start":{"line":52,"column":35},"end":{"line":52,"column":65}},"4":{"start":{"line":56,"column":35},"end":{"line":56,"column":65}},"5":{"start":{"line":61,"column":35},"end":{"line":61,"column":65}},"6":{"start":{"line":137,"column":0},"end":{"line":137,"column":57}},"7":{"start":{"line":138,"column":0},"end":{"line":138,"column":54}},"8":{"start":{"line":139,"column":0},"end":{"line":139,"column":52}},"9":{"start":{"line":140,"column":0},"end":{"line":140,"column":34}},"10":{"start":{"line":141,"column":0},"end":{"line":141,"column":41}},"11":{"start":{"line":144,"column":0},"end":{"line":148,"column":3}},"12":{"start":{"line":151,"column":0},"end":{"line":155,"column":3}},"13":{"start":{"line":153,"column":4},"end":{"line":153,"column":35}},"14":{"start":{"line":154,"column":4},"end":{"line":154,"column":11}},"15":{"start":{"line":158,"column":0},"end":{"line":163,"column":2}},"16":{"start":{"line":159,"column":4},"end":{"line":162,"column":6}},"17":{"start":{"line":160,"column":8},"end":{"line":161,"column":34}},"18":{"start":{"line":165,"column":0},"end":{"line":170,"column":2}},"19":{"start":{"line":166,"column":4},"end":{"line":169,"column":6}},"20":{"start":{"line":167,"column":8},"end":{"line":168,"column":64}},"21":{"start":{"line":172,"column":0},"end":{"line":190,"column":2}},"22":{"start":{"line":173,"column":4},"end":{"line":175,"column":5}},"23":{"start":{"line":174,"column":8},"end":{"line":174,"column":66}},"24":{"start":{"line":177,"column":4},"end":{"line":180,"column":5}},"25":{"start":{"line":179,"column":8},"end":{"line":179,"column":66}},"26":{"start":{"line":182,"column":4},"end":{"line":187,"column":7}},"27":{"start":{"line":189,"column":4},"end":{"line":189,"column":23}},"28":{"start":{"line":192,"column":0},"end":{"line":203,"column":2}},"29":{"start":{"line":193,"column":24},"end":{"line":195,"column":5}},"30":{"start":{"line":194,"column":18},"end":{"line":194,"column":62}},"31":{"start":{"line":197,"column":4},"end":{"line":199,"column":5}},"32":{"start":{"line":198,"column":8},"end":{"line":198,"column":62}},"33":{"start":{"line":201,"column":4},"end":{"line":201,"column":40}},"34":{"start":{"line":202,"column":4},"end":{"line":202,"column":23}},"35":{"start":{"line":205,"column":0},"end":{"line":216,"column":2}},"36":{"start":{"line":206,"column":19},"end":{"line":208,"column":5}},"37":{"start":{"line":207,"column":18},"end":{"line":207,"column":62}},"38":{"start":{"line":210,"column":4},"end":{"line":212,"column":5}},"39":{"start":{"line":211,"column":8},"end":{"line":211,"column":62}},"40":{"start":{"line":214,"column":4},"end":{"line":214,"column":26}},"41":{"start":{"line":215,"column":4},"end":{"line":215,"column":23}},"42":{"start":{"line":219,"column":0},"end":{"line":227,"column":2}},"43":{"start":{"line":220,"column":4},"end":{"line":226,"column":27}},"44":{"start":{"line":229,"column":0},"end":{"line":243,"column":2}},"45":{"start":{"line":230,"column":24},"end":{"line":233,"column":5}},"46":{"start":{"line":235,"column":4},"end":{"line":235,"column":54}},"47":{"start":{"line":235,"column":22},"end":{"line":235,"column":54}},"48":{"start":{"line":236,"column":4},"end":{"line":236,"column":92}},"49":{"start":{"line":236,"column":29},"end":{"line":236,"column":92}},"50":{"start":{"line":237,"column":4},"end":{"line":237,"column":96}},"51":{"start":{"line":237,"column":27},"end":{"line":237,"column":96}},"52":{"start":{"line":238,"column":4},"end":{"line":238,"column":77}},"53":{"start":{"line":238,"column":24},"end":{"line":238,"column":77}},"54":{"start":{"line":240,"column":4},"end":{"line":242,"column":31}},"55":{"start":{"line":245,"column":14},"end":{"line":245,"column":50}},"56":{"start":{"line":247,"column":0},"end":{"line":247,"column":23}}},"fnMap":{"0":{"name":"(anonymous_0)","decl":{"start":{"line":48,"column":22},"end":{"line":48,"column":23}},"loc":{"start":{"line":48,"column":33},"end":{"line":48,"column":67}},"line":48},"1":{"name":"(anonymous_1)","decl":{"start":{"line":52,"column":22},"end":{"line":52,"column":23}},"loc":{"start":{"line":52,"column":33},"end":{"line":52,"column":67}},"line":52},"2":{"name":"(anonymous_2)","decl":{"start":{"line":56,"column":22},"end":{"line":56,"column":23}},"loc":{"start":{"line":56,"column":33},"end":{"line":56,"column":67}},"line":56},"3":{"name":"(anonymous_3)","decl":{"start":{"line":61,"column":22},"end":{"line":61,"column":23}},"loc":{"start":{"line":61,"column":33},"end":{"line":61,"column":67}},"line":61},"4":{"name":"(anonymous_4)","decl":{"start":{"line":151,"column":24},"end":{"line":151,"column":25}},"loc":{"start":{"line":151,"column":39},"end":{"line":155,"column":1}},"line":151},"5":{"name":"(anonymous_5)","decl":{"start":{"line":158,"column":31},"end":{"line":158,"column":32}},"loc":{"start":{"line":158,"column":48},"end":{"line":163,"column":1}},"line":158},"6":{"name":"(anonymous_6)","decl":{"start":{"line":159,"column":29},"end":{"line":159,"column":30}},"loc":{"start":{"line":160,"column":8},"end":{"line":161,"column":34}},"line":160},"7":{"name":"(anonymous_7)","decl":{"start":{"line":165,"column":30},"end":{"line":165,"column":31}},"loc":{"start":{"line":165,"column":47},"end":{"line":170,"column":1}},"line":165},"8":{"name":"(anonymous_8)","decl":{"start":{"line":166,"column":29},"end":{"line":166,"column":30}},"loc":{"start":{"line":167,"column":8},"end":{"line":168,"column":64}},"line":167},"9":{"name":"(anonymous_9)","decl":{"start":{"line":172,"column":32},"end":{"line":172,"column":33}},"loc":{"start":{"line":172,"column":72},"end":{"line":190,"column":1}},"line":172},"10":{"name":"(anonymous_10)","decl":{"start":{"line":192,"column":35},"end":{"line":192,"column":36}},"loc":{"start":{"line":192,"column":58},"end":{"line":203,"column":1}},"line":192},"11":{"name":"(anonymous_11)","decl":{"start":{"line":194,"column":8},"end":{"line":194,"column":9}},"loc":{"start":{"line":194,"column":18},"end":{"line":194,"column":62}},"line":194},"12":{"name":"(anonymous_12)","decl":{"start":{"line":205,"column":39},"end":{"line":205,"column":40}},"loc":{"start":{"line":205,"column":71},"end":{"line":216,"column":1}},"line":205},"13":{"name":"(anonymous_13)","decl":{"start":{"line":207,"column":8},"end":{"line":207,"column":9}},"loc":{"start":{"line":207,"column":18},"end":{"line":207,"column":62}},"line":207},"14":{"name":"(anonymous_14)","decl":{"start":{"line":219,"column":38},"end":{"line":219,"column":39}},"loc":{"start":{"line":219,"column":55},"end":{"line":227,"column":1}},"line":219},"15":{"name":"(anonymous_15)","decl":{"start":{"line":229,"column":35},"end":{"line":229,"column":36}},"loc":{"start":{"line":229,"column":65},"end":{"line":243,"column":1}},"line":229}},"branchMap":{"0":{"loc":{"start":{"line":160,"column":8},"end":{"line":161,"column":34}},"type":"binary-expr","locations":[{"start":{"line":160,"column":8},"end":{"line":160,"column":52}},{"start":{"line":161,"column":8},"end":{"line":161,"column":34}}],"line":160},"1":{"loc":{"start":{"line":167,"column":8},"end":{"line":168,"column":64}},"type":"binary-expr","locations":[{"start":{"line":167,"column":8},"end":{"line":167,"column":52}},{"start":{"line":168,"column":9},"end":{"line":168,"column":32}},{"start":{"line":168,"column":36},"end":{"line":168,"column":63}}],"line":167},"2":{"loc":{"start":{"line":172,"column":55},"end":{"line":172,"column":70}},"type":"default-arg","locations":[{"start":{"line":172,"column":62},"end":{"line":172,"column":70}}],"line":172},"3":{"loc":{"start":{"line":173,"column":4},"end":{"line":175,"column":5}},"type":"if","locations":[{"start":{"line":173,"column":4},"end":{"line":175,"column":5}},{"start":{},"end":{}}],"line":173},"4":{"loc":{"start":{"line":177,"column":4},"end":{"line":180,"column":5}},"type":"if","locations":[{"start":{"line":177,"column":4},"end":{"line":180,"column":5}},{"start":{},"end":{}}],"line":177},"5":{"loc":{"start":{"line":177,"column":8},"end":{"line":178,"column":60}},"type":"binary-expr","locations":[{"start":{"line":177,"column":8},"end":{"line":177,"column":37}},{"start":{"line":178,"column":8},"end":{"line":178,"column":60}}],"line":177},"6":{"loc":{"start":{"line":197,"column":4},"end":{"line":199,"column":5}},"type":"if","locations":[{"start":{"line":197,"column":4},"end":{"line":199,"column":5}},{"start":{},"end":{}}],"line":197},"7":{"loc":{"start":{"line":210,"column":4},"end":{"line":212,"column":5}},"type":"if","locations":[{"start":{"line":210,"column":4},"end":{"line":212,"column":5}},{"start":{},"end":{}}],"line":210},"8":{"loc":{"start":{"line":229,"column":51},"end":{"line":229,"column":63}},"type":"default-arg","locations":[{"start":{"line":229,"column":61},"end":{"line":229,"column":63}}],"line":229},"9":{"loc":{"start":{"line":235,"column":4},"end":{"line":235,"column":54}},"type":"if","locations":[{"start":{"line":235,"column":4},"end":{"line":235,"column":54}},{"start":{},"end":{}}],"line":235},"10":{"loc":{"start":{"line":236,"column":4},"end":{"line":236,"column":92}},"type":"if","locations":[{"start":{"line":236,"column":4},"end":{"line":236,"column":92}},{"start":{},"end":{}}],"line":236},"11":{"loc":{"start":{"line":237,"column":4},"end":{"line":237,"column":96}},"type":"if","locations":[{"start":{"line":237,"column":4},"end":{"line":237,"column":96}},{"start":{},"end":{}}],"line":237},"12":{"loc":{"start":{"line":238,"column":4},"end":{"line":238,"column":77}},"type":"if","locations":[{"start":{"line":238,"column":4},"end":{"line":238,"column":77}},{"start":{},"end":{}}],"line":238}},"s":{"0":1,"1":1,"2":0,"3":0,"4":0,"5":0,"6":1,"7":1,"8":1,"9":1,"10":1,"11":1,"12":1,"13":0,"14":0,"15":1,"16":0,"17":0,"18":1,"19":0,"20":0,"21":1,"22":0,"23":0,"24":0,"25":0,"26":0,"27":0,"28":1,"29":0,"30":0,"31":0,"32":0,"33":0,"34":0,"35":1,"36":0,"37":0,"38":0,"39":0,"40":0,"41":0,"42":1,"43":0,"44":1,"45":0,"46":0,"47":0,"48":0,"49":0,"50":0,"51":0,"52":0,"53":0,"54":0,"55":1,"56":1},"f":{"0":0,"1":0,"2":0,"3":0,"4":0,"5":0,"6":0,"7":0,"8":0,"9":0,"10":0,"11":0,"12":0,"13":0,"14":0,"15":0},"b":{"0":[0,0],"1":[0,0,0],"2":[0],"3":[0,0],"4":[0,0],"5":[0,0],"6":[0,0],"7":[0,0],"8":[0],"9":[0,0],"10":[0,0],"11":[0,0],"12":[0,0]},"inputSourceMap":null,"_coverageSchema":"1a1c01bbd47fc00a2c39e90264f33305004495a9","hash":"9c544b174444479d4499e94ed129140af4fbe706"}
,"/home/pose1d0n/Desktop/javascript/Travel-Buddy-Finder/backend/models/Message.js": {"path":"/home/pose1d0n/Desktop/javascript/Travel-Buddy-Finder/backend/models/Message.js","statementMap":{"0":{"start":{"line":1,"column":17},"end":{"line":1,"column":36}},"1":{"start":{"line":3,"column":22},"end":{"line":76,"column":2}},"2":{"start":{"line":79,"column":0},"end":{"line":79,"column":49}},"3":{"start":{"line":80,"column":0},"end":{"line":80,"column":36}},"4":{"start":{"line":81,"column":0},"end":{"line":81,"column":39}},"5":{"start":{"line":82,"column":0},"end":{"line":82,"column":35}},"6":{"start":{"line":83,"column":0},"end":{"line":87,"column":3}},"7":{"start":{"line":90,"column":0},"end":{"line":92,"column":3}},"8":{"start":{"line":91,"column":4},"end":{"line":91,"column":39}},"9":{"start":{"line":95,"column":0},"end":{"line":116,"column":3}},"10":{"start":{"line":97,"column":4},"end":{"line":99,"column":5}},"11":{"start":{"line":98,"column":8},"end":{"line":98,"column":38}},"12":{"start":{"line":102,"column":4},"end":{"line":104,"column":5}},"13":{"start":{"line":103,"column":8},"end":{"line":103,"column":33}},"14":{"start":{"line":107,"column":4},"end":{"line":113,"column":5}},"15":{"start":{"line":108,"column":8},"end":{"line":108,"column":29}},"16":{"start":{"line":109,"column":8},"end":{"line":112,"column":11}},"17":{"start":{"line":115,"column":4},"end":{"line":115,"column":11}},"18":{"start":{"line":119,"column":0},"end":{"line":124,"column":3}},"19":{"start":{"line":120,"column":4},"end":{"line":122,"column":5}},"20":{"start":{"line":121,"column":8},"end":{"line":121,"column":48}},"21":{"start":{"line":123,"column":4},"end":{"line":123,"column":11}},"22":{"start":{"line":127,"column":0},"end":{"line":145,"column":2}},"23":{"start":{"line":128,"column":18},"end":{"line":133,"column":5}},"24":{"start":{"line":135,"column":4},"end":{"line":137,"column":5}},"25":{"start":{"line":136,"column":8},"end":{"line":136,"column":49}},"26":{"start":{"line":139,"column":4},"end":{"line":144,"column":29}},"27":{"start":{"line":147,"column":0},"end":{"line":161,"column":2}},"28":{"start":{"line":148,"column":4},"end":{"line":160,"column":6}},"29":{"start":{"line":164,"column":0},"end":{"line":169,"column":2}},"30":{"start":{"line":165,"column":4},"end":{"line":165,"column":26}},"31":{"start":{"line":166,"column":4},"end":{"line":166,"column":32}},"32":{"start":{"line":167,"column":4},"end":{"line":167,"column":51}},"33":{"start":{"line":168,"column":4},"end":{"line":168,"column":23}},"34":{"start":{"line":171,"column":0},"end":{"line":182,"column":2}},"35":{"start":{"line":172,"column":4},"end":{"line":174,"column":5}},"36":{"start":{"line":173,"column":8},"end":{"line":173,"column":55}},"37":{"start":{"line":176,"column":4},"end":{"line":178,"column":6}},"38":{"start":{"line":180,"column":4},"end":{"line":180,"column":30}},"39":{"start":{"line":181,"column":4},"end":{"line":181,"column":23}},"40":{"start":{"line":184,"column":16},"end":{"line":184,"column":56}},"41":{"start":{"line":186,"column":0},"end":{"line":186,"column":25}}},"fnMap":{"0":{"name":"(anonymous_0)","decl":{"start":{"line":90,"column":41},"end":{"line":90,"column":42}},"loc":{"start":{"line":90,"column":52},"end":{"line":92,"column":1}},"line":90},"1":{"name":"(anonymous_1)","decl":{"start":{"line":95,"column":26},"end":{"line":95,"column":27}},"loc":{"start":{"line":95,"column":41},"end":{"line":116,"column":1}},"line":95},"2":{"name":"(anonymous_2)","decl":{"start":{"line":119,"column":27},"end":{"line":119,"column":28}},"loc":{"start":{"line":119,"column":42},"end":{"line":124,"column":1}},"line":119},"3":{"name":"(anonymous_3)","decl":{"start":{"line":127,"column":40},"end":{"line":127,"column":41}},"loc":{"start":{"line":127,"column":87},"end":{"line":145,"column":1}},"line":127},"4":{"name":"(anonymous_4)","decl":{"start":{"line":147,"column":35},"end":{"line":147,"column":36}},"loc":{"start":{"line":147,"column":68},"end":{"line":161,"column":1}},"line":147},"5":{"name":"(anonymous_5)","decl":{"start":{"line":164,"column":35},"end":{"line":164,"column":36}},"loc":{"start":{"line":164,"column":52},"end":{"line":169,"column":1}},"line":164},"6":{"name":"(anonymous_6)","decl":{"start":{"line":171,"column":29},"end":{"line":171,"column":30}},"loc":{"start":{"line":171,"column":56},"end":{"line":182,"column":1}},"line":171}},"branchMap":{"0":{"loc":{"start":{"line":97,"column":4},"end":{"line":99,"column":5}},"type":"if","locations":[{"start":{"line":97,"column":4},"end":{"line":99,"column":5}},{"start":{},"end":{}}],"line":97},"1":{"loc":{"start":{"line":97,"column":8},"end":{"line":97,"column":64}},"type":"binary-expr","locations":[{"start":{"line":97,"column":8},"end":{"line":97,"column":33}},{"start":{"line":97,"column":37},"end":{"line":97,"column":64}}],"line":97},"2":{"loc":{"start":{"line":102,"column":4},"end":{"line":104,"column":5}},"type":"if","locations":[{"start":{"line":102,"column":4},"end":{"line":104,"column":5}},{"start":{},"end":{}}],"line":102},"3":{"loc":{"start":{"line":102,"column":8},"end":{"line":102,"column":59}},"type":"binary-expr","locations":[{"start":{"line":102,"column":8},"end":{"line":102,"column":33}},{"start":{"line":102,"column":37},"end":{"line":102,"column":59}}],"line":102},"4":{"loc":{"start":{"line":107,"column":4},"end":{"line":113,"column":5}},"type":"if","locations":[{"start":{"line":107,"column":4},"end":{"line":113,"column":5}},{"start":{},"end":{}}],"line":107},"5":{"loc":{"start":{"line":107,"column":8},"end":{"line":107,"column":49}},"type":"binary-expr","locations":[{"start":{"line":107,"column":8},"end":{"line":107,"column":34}},{"start":{"line":107,"column":38},"end":{"line":107,"column":49}}],"line":107},"6":{"loc":{"start":{"line":120,"column":4},"end":{"line":122,"column":5}},"type":"if","locations":[{"start":{"line":120,"column":4},"end":{"line":122,"column":5}},{"start":{},"end":{}}],"line":120},"7":{"loc":{"start":{"line":127,"column":73},"end":{"line":127,"column":85}},"type":"default-arg","locations":[{"start":{"line":127,"column":83},"end":{"line":127,"column":85}}],"line":127},"8":{"loc":{"start":{"line":135,"column":4},"end":{"line":137,"column":5}},"type":"if","locations":[{"start":{"line":135,"column":4},"end":{"line":137,"column":5}},{"start":{},"end":{}}],"line":135},"9":{"loc":{"start":{"line":141,"column":15},"end":{"line":141,"column":34}},"type":"binary-expr","locations":[{"start":{"line":141,"column":15},"end":{"line":141,"column":28}},{"start":{"line":141,"column":32},"end":{"line":141,"column":34}}],"line":141},"10":{"loc":{"start":{"line":172,"column":4},"end":{"line":174,"column":5}},"type":"if","locations":[{"start":{"line":172,"column":4},"end":{"line":174,"column":5}},{"start":{},"end":{}}],"line":172}},"s":{"0":1,"1":1,"2":1,"3":1,"4":1,"5":1,"6":1,"7":1,"8":0,"9":1,"10":0,"11":0,"12":0,"13":0,"14":0,"15":0,"16":0,"17":0,"18":1,"19":0,"20":0,"21":0,"22":1,"23":0,"24":0,"25":0,"26":0,"27":1,"28":0,"29":1,"30":0,"31":0,"32":0,"33":0,"34":1,"35":0,"36":0,"37":0,"38":0,"39":0,"40":1,"41":1},"f":{"0":0,"1":0,"2":0,"3":0,"4":0,"5":0,"6":0},"b":{"0":[0,0],"1":[0,0],"2":[0,0],"3":[0,0],"4":[0,0],"5":[0,0],"6":[0,0],"7":[0],"8":[0,0],"9":[0,0],"10":[0,0]},"inputSourceMap":null,"_coverageSchema":"1a1c01bbd47fc00a2c39e90264f33305004495a9","hash":"49f882658ca1c4d0fafe6a7003b3d29015263ce1"}
,"/home/pose1d0n/Desktop/javascript/Travel-Buddy-Finder/backend/models/User.js": {"path":"/home/pose1d0n/Desktop/javascript/Travel-Buddy-Finder/backend/models/User.js","statementMap":{"0":{"start":{"line":1,"column":17},"end":{"line":1,"column":36}},"1":{"start":{"line":2,"column":15},"end":{"line":2,"column":34}},"2":{"start":{"line":3,"column":18},"end":{"line":3,"column":38}},"3":{"start":{"line":5,"column":19},"end":{"line":143,"column":2}},"4":{"start":{"line":146,"column":0},"end":{"line":146,"column":31}},"5":{"start":{"line":147,"column":0},"end":{"line":147,"column":43}},"6":{"start":{"line":150,"column":0},"end":{"line":164,"column":3}},"7":{"start":{"line":152,"column":4},"end":{"line":152,"column":52}},"8":{"start":{"line":152,"column":38},"end":{"line":152,"column":52}},"9":{"start":{"line":154,"column":4},"end":{"line":163,"column":5}},"10":{"start":{"line":156,"column":8},"end":{"line":156,"column":61}},"11":{"start":{"line":159,"column":8},"end":{"line":159,"column":41}},"12":{"start":{"line":160,"column":8},"end":{"line":160,"column":15}},"13":{"start":{"line":162,"column":8},"end":{"line":162,"column":20}},"14":{"start":{"line":167,"column":0},"end":{"line":186,"column":3}},"15":{"start":{"line":168,"column":4},"end":{"line":184,"column":5}},"16":{"start":{"line":169,"column":8},"end":{"line":171,"column":9}},"17":{"start":{"line":170,"column":12},"end":{"line":170,"column":75}},"18":{"start":{"line":172,"column":8},"end":{"line":174,"column":9}},"19":{"start":{"line":173,"column":12},"end":{"line":173,"column":73}},"20":{"start":{"line":175,"column":8},"end":{"line":177,"column":9}},"21":{"start":{"line":176,"column":12},"end":{"line":176,"column":83}},"22":{"start":{"line":178,"column":8},"end":{"line":180,"column":9}},"23":{"start":{"line":179,"column":12},"end":{"line":179,"column":83}},"24":{"start":{"line":181,"column":8},"end":{"line":183,"column":9}},"25":{"start":{"line":182,"column":12},"end":{"line":182,"column":95}},"26":{"start":{"line":185,"column":4},"end":{"line":185,"column":16}},"27":{"start":{"line":189,"column":0},"end":{"line":194,"column":3}},"28":{"start":{"line":190,"column":4},"end":{"line":192,"column":5}},"29":{"start":{"line":191,"column":8},"end":{"line":191,"column":84}},"30":{"start":{"line":193,"column":4},"end":{"line":193,"column":11}},"31":{"start":{"line":197,"column":0},"end":{"line":199,"column":2}},"32":{"start":{"line":198,"column":4},"end":{"line":198,"column":65}},"33":{"start":{"line":202,"column":0},"end":{"line":206,"column":2}},"34":{"start":{"line":203,"column":4},"end":{"line":205,"column":49}},"35":{"start":{"line":209,"column":0},"end":{"line":213,"column":3}},"36":{"start":{"line":216,"column":0},"end":{"line":220,"column":3}},"37":{"start":{"line":222,"column":13},"end":{"line":222,"column":47}},"38":{"start":{"line":224,"column":0},"end":{"line":224,"column":22}}},"fnMap":{"0":{"name":"(anonymous_0)","decl":{"start":{"line":150,"column":23},"end":{"line":150,"column":24}},"loc":{"start":{"line":150,"column":44},"end":{"line":164,"column":1}},"line":150},"1":{"name":"(anonymous_1)","decl":{"start":{"line":167,"column":37},"end":{"line":167,"column":38}},"loc":{"start":{"line":167,"column":53},"end":{"line":186,"column":1}},"line":167},"2":{"name":"(anonymous_2)","decl":{"start":{"line":189,"column":24},"end":{"line":189,"column":25}},"loc":{"start":{"line":189,"column":39},"end":{"line":194,"column":1}},"line":189},"3":{"name":"(anonymous_3)","decl":{"start":{"line":197,"column":37},"end":{"line":197,"column":38}},"loc":{"start":{"line":197,"column":85},"end":{"line":199,"column":1}},"line":197},"4":{"name":"(anonymous_4)","decl":{"start":{"line":202,"column":34},"end":{"line":202,"column":35}},"loc":{"start":{"line":202,"column":54},"end":{"line":206,"column":1}},"line":202}},"branchMap":{"0":{"loc":{"start":{"line":152,"column":4},"end":{"line":152,"column":52}},"type":"if","locations":[{"start":{"line":152,"column":4},"end":{"line":152,"column":52}},{"start":{},"end":{}}],"line":152},"1":{"loc":{"start":{"line":168,"column":4},"end":{"line":184,"column":5}},"type":"if","locations":[{"start":{"line":168,"column":4},"end":{"line":184,"column":5}},{"start":{},"end":{}}],"line":168},"2":{"loc":{"start":{"line":168,"column":8},"end":{"line":168,"column":49}},"type":"binary-expr","locations":[{"start":{"line":168,"column":8},"end":{"line":168,"column":18}},{"start":{"line":168,"column":22},"end":{"line":168,"column":49}}],"line":168},"3":{"loc":{"start":{"line":169,"column":8},"end":{"line":171,"column":9}},"type":"if","locations":[{"start":{"line":169,"column":8},"end":{"line":171,"column":9}},{"start":{},"end":{}}],"line":169},"4":{"loc":{"start":{"line":172,"column":8},"end":{"line":174,"column":9}},"type":"if","locations":[{"start":{"line":172,"column":8},"end":{"line":174,"column":9}},{"start":{},"end":{}}],"line":172},"5":{"loc":{"start":{"line":175,"column":8},"end":{"line":177,"column":9}},"type":"if","locations":[{"start":{"line":175,"column":8},"end":{"line":177,"column":9}},{"start":{},"end":{}}],"line":175},"6":{"loc":{"start":{"line":178,"column":8},"end":{"line":180,"column":9}},"type":"if","locations":[{"start":{"line":178,"column":8},"end":{"line":180,"column":9}},{"start":{},"end":{}}],"line":178},"7":{"loc":{"start":{"line":181,"column":8},"end":{"line":183,"column":9}},"type":"if","locations":[{"start":{"line":181,"column":8},"end":{"line":183,"column":9}},{"start":{},"end":{}}],"line":181},"8":{"loc":{"start":{"line":190,"column":4},"end":{"line":192,"column":5}},"type":"if","locations":[{"start":{"line":190,"column":4},"end":{"line":192,"column":5}},{"start":{},"end":{}}],"line":190},"9":{"loc":{"start":{"line":203,"column":11},"end":{"line":205,"column":48}},"type":"binary-expr","locations":[{"start":{"line":203,"column":11},"end":{"line":203,"column":53}},{"start":{"line":204,"column":11},"end":{"line":204,"column":53}},{"start":{"line":205,"column":11},"end":{"line":205,"column":48}}],"line":203}},"s":{"0":1,"1":1,"2":1,"3":1,"4":1,"5":1,"6":1,"7":12,"8":0,"9":12,"10":12,"11":12,"12":12,"13":0,"14":1,"15":12,"16":12,"17":0,"18":12,"19":0,"20":12,"21":0,"22":12,"23":0,"24":12,"25":0,"26":12,"27":1,"28":12,"29":0,"30":12,"31":1,"32":0,"33":1,"34":0,"35":1,"36":1,"37":1,"38":1},"f":{"0":12,"1":12,"2":12,"3":0,"4":0},"b":{"0":[0,12],"1":[12,0],"2":[12,0],"3":[0,12],"4":[0,12],"5":[0,12],"6":[0,12],"7":[0,12],"8":[0,12],"9":[0,0,0]},"inputSourceMap":null,"_coverageSchema":"1a1c01bbd47fc00a2c39e90264f33305004495a9","hash":"7ecf3f92a79be6ff583bb701ccbc881b4b450386"}
,"/home/pose1d0n/Desktop/javascript/Travel-Buddy-Finder/backend/utils/appError.js": {"path":"/home/pose1d0n/Desktop/javascript/Travel-Buddy-Finder/backend/utils/appError.js","statementMap":{"0":{"start":{"line":3,"column":8},"end":{"line":3,"column":23}},"1":{"start":{"line":5,"column":8},"end":{"line":5,"column":37}},"2":{"start":{"line":6,"column":8},"end":{"line":6,"column":73}},"3":{"start":{"line":7,"column":8},"end":{"line":7,"column":34}},"4":{"start":{"line":9,"column":8},"end":{"line":9,"column":56}},"5":{"start":{"line":13,"column":0},"end":{"line":13,"column":26}}},"fnMap":{"0":{"name":"(anonymous_0)","decl":{"start":{"line":2,"column":4},"end":{"line":2,"column":5}},"loc":{"start":{"line":2,"column":37},"end":{"line":10,"column":5}},"line":2}},"branchMap":{"0":{"loc":{"start":{"line":6,"column":22},"end":{"line":6,"column":72}},"type":"cond-expr","locations":[{"start":{"line":6,"column":56},"end":{"line":6,"column":62}},{"start":{"line":6,"column":65},"end":{"line":6,"column":72}}],"line":6}},"s":{"0":0,"1":0,"2":0,"3":0,"4":0,"5":1},"f":{"0":0},"b":{"0":[0,0]},"inputSourceMap":null,"_coverageSchema":"1a1c01bbd47fc00a2c39e90264f33305004495a9","hash":"0493ae33cb7161b6a93420723896d90a7812bdf4"}
}
