{"/home/pose1d0n/Desktop/javascript/Travel-Buddy-Finder/backend/models/User.js": {"path":"/home/pose1d0n/Desktop/javascript/Travel-Buddy-Finder/backend/models/User.js","statementMap":{"0":{"start":{"line":1,"column":17},"end":{"line":1,"column":36}},"1":{"start":{"line":2,"column":15},"end":{"line":2,"column":34}},"2":{"start":{"line":3,"column":18},"end":{"line":3,"column":38}},"3":{"start":{"line":5,"column":19},"end":{"line":159,"column":2}},"4":{"start":{"line":162,"column":0},"end":{"line":162,"column":31}},"5":{"start":{"line":163,"column":0},"end":{"line":163,"column":43}},"6":{"start":{"line":166,"column":0},"end":{"line":180,"column":3}},"7":{"start":{"line":168,"column":4},"end":{"line":168,"column":52}},"8":{"start":{"line":168,"column":38},"end":{"line":168,"column":52}},"9":{"start":{"line":170,"column":4},"end":{"line":179,"column":5}},"10":{"start":{"line":172,"column":8},"end":{"line":172,"column":61}},"11":{"start":{"line":175,"column":8},"end":{"line":175,"column":41}},"12":{"start":{"line":176,"column":8},"end":{"line":176,"column":15}},"13":{"start":{"line":178,"column":8},"end":{"line":178,"column":20}},"14":{"start":{"line":183,"column":0},"end":{"line":202,"column":3}},"15":{"start":{"line":184,"column":4},"end":{"line":200,"column":5}},"16":{"start":{"line":185,"column":8},"end":{"line":187,"column":9}},"17":{"start":{"line":186,"column":12},"end":{"line":186,"column":75}},"18":{"start":{"line":188,"column":8},"end":{"line":190,"column":9}},"19":{"start":{"line":189,"column":12},"end":{"line":189,"column":73}},"20":{"start":{"line":191,"column":8},"end":{"line":193,"column":9}},"21":{"start":{"line":192,"column":12},"end":{"line":192,"column":83}},"22":{"start":{"line":194,"column":8},"end":{"line":196,"column":9}},"23":{"start":{"line":195,"column":12},"end":{"line":195,"column":83}},"24":{"start":{"line":197,"column":8},"end":{"line":199,"column":9}},"25":{"start":{"line":198,"column":12},"end":{"line":198,"column":95}},"26":{"start":{"line":201,"column":4},"end":{"line":201,"column":16}},"27":{"start":{"line":205,"column":0},"end":{"line":210,"column":3}},"28":{"start":{"line":206,"column":4},"end":{"line":208,"column":5}},"29":{"start":{"line":207,"column":8},"end":{"line":207,"column":84}},"30":{"start":{"line":209,"column":4},"end":{"line":209,"column":11}},"31":{"start":{"line":213,"column":0},"end":{"line":215,"column":2}},"32":{"start":{"line":214,"column":4},"end":{"line":214,"column":65}},"33":{"start":{"line":218,"column":0},"end":{"line":227,"column":2}},"34":{"start":{"line":219,"column":24},"end":{"line":219,"column":48}},"35":{"start":{"line":220,"column":25},"end":{"line":220,"column":67}},"36":{"start":{"line":220,"column":53},"end":{"line":220,"column":66}},"37":{"start":{"line":221,"column":20},"end":{"line":221,"column":57}},"38":{"start":{"line":221,"column":43},"end":{"line":221,"column":56}},"39":{"start":{"line":222,"column":30},"end":{"line":222,"column":77}},"40":{"start":{"line":222,"column":63},"end":{"line":222,"column":76}},"41":{"start":{"line":224,"column":4},"end":{"line":226,"column":42}},"42":{"start":{"line":230,"column":0},"end":{"line":234,"column":3}},"43":{"start":{"line":237,"column":0},"end":{"line":241,"column":3}},"44":{"start":{"line":243,"column":13},"end":{"line":243,"column":47}},"45":{"start":{"line":245,"column":0},"end":{"line":245,"column":22}}},"fnMap":{"0":{"name":"(anonymous_0)","decl":{"start":{"line":166,"column":23},"end":{"line":166,"column":24}},"loc":{"start":{"line":166,"column":44},"end":{"line":180,"column":1}},"line":166},"1":{"name":"(anonymous_1)","decl":{"start":{"line":183,"column":37},"end":{"line":183,"column":38}},"loc":{"start":{"line":183,"column":53},"end":{"line":202,"column":1}},"line":183},"2":{"name":"(anonymous_2)","decl":{"start":{"line":205,"column":24},"end":{"line":205,"column":25}},"loc":{"start":{"line":205,"column":39},"end":{"line":210,"column":1}},"line":205},"3":{"name":"(anonymous_3)","decl":{"start":{"line":213,"column":37},"end":{"line":213,"column":38}},"loc":{"start":{"line":213,"column":85},"end":{"line":215,"column":1}},"line":213},"4":{"name":"(anonymous_4)","decl":{"start":{"line":218,"column":34},"end":{"line":218,"column":35}},"loc":{"start":{"line":218,"column":54},"end":{"line":227,"column":1}},"line":218},"5":{"name":"(anonymous_5)","decl":{"start":{"line":220,"column":47},"end":{"line":220,"column":48}},"loc":{"start":{"line":220,"column":53},"end":{"line":220,"column":66}},"line":220},"6":{"name":"(anonymous_6)","decl":{"start":{"line":221,"column":37},"end":{"line":221,"column":38}},"loc":{"start":{"line":221,"column":43},"end":{"line":221,"column":56}},"line":221},"7":{"name":"(anonymous_7)","decl":{"start":{"line":222,"column":57},"end":{"line":222,"column":58}},"loc":{"start":{"line":222,"column":63},"end":{"line":222,"column":76}},"line":222}},"branchMap":{"0":{"loc":{"start":{"line":168,"column":4},"end":{"line":168,"column":52}},"type":"if","locations":[{"start":{"line":168,"column":4},"end":{"line":168,"column":52}},{"start":{},"end":{}}],"line":168},"1":{"loc":{"start":{"line":184,"column":4},"end":{"line":200,"column":5}},"type":"if","locations":[{"start":{"line":184,"column":4},"end":{"line":200,"column":5}},{"start":{},"end":{}}],"line":184},"2":{"loc":{"start":{"line":184,"column":8},"end":{"line":184,"column":49}},"type":"binary-expr","locations":[{"start":{"line":184,"column":8},"end":{"line":184,"column":18}},{"start":{"line":184,"column":22},"end":{"line":184,"column":49}}],"line":184},"3":{"loc":{"start":{"line":185,"column":8},"end":{"line":187,"column":9}},"type":"if","locations":[{"start":{"line":185,"column":8},"end":{"line":187,"column":9}},{"start":{},"end":{}}],"line":185},"4":{"loc":{"start":{"line":188,"column":8},"end":{"line":190,"column":9}},"type":"if","locations":[{"start":{"line":188,"column":8},"end":{"line":190,"column":9}},{"start":{},"end":{}}],"line":188},"5":{"loc":{"start":{"line":191,"column":8},"end":{"line":193,"column":9}},"type":"if","locations":[{"start":{"line":191,"column":8},"end":{"line":193,"column":9}},{"start":{},"end":{}}],"line":191},"6":{"loc":{"start":{"line":194,"column":8},"end":{"line":196,"column":9}},"type":"if","locations":[{"start":{"line":194,"column":8},"end":{"line":196,"column":9}},{"start":{},"end":{}}],"line":194},"7":{"loc":{"start":{"line":197,"column":8},"end":{"line":199,"column":9}},"type":"if","locations":[{"start":{"line":197,"column":8},"end":{"line":199,"column":9}},{"start":{},"end":{}}],"line":197},"8":{"loc":{"start":{"line":206,"column":4},"end":{"line":208,"column":5}},"type":"if","locations":[{"start":{"line":206,"column":4},"end":{"line":208,"column":5}},{"start":{},"end":{}}],"line":206},"9":{"loc":{"start":{"line":224,"column":11},"end":{"line":226,"column":41}},"type":"binary-expr","locations":[{"start":{"line":224,"column":11},"end":{"line":224,"column":46}},{"start":{"line":225,"column":11},"end":{"line":225,"column":59}},{"start":{"line":226,"column":11},"end":{"line":226,"column":41}}],"line":224}},"s":{"0":1,"1":1,"2":1,"3":1,"4":1,"5":1,"6":1,"7":3,"8":0,"9":3,"10":3,"11":3,"12":3,"13":0,"14":1,"15":3,"16":3,"17":0,"18":3,"19":0,"20":3,"21":0,"22":3,"23":0,"24":3,"25":0,"26":3,"27":1,"28":2,"29":0,"30":2,"31":1,"32":0,"33":1,"34":0,"35":0,"36":0,"37":0,"38":0,"39":0,"40":0,"41":0,"42":1,"43":1,"44":1,"45":1},"f":{"0":3,"1":3,"2":2,"3":0,"4":0,"5":0,"6":0,"7":0},"b":{"0":[0,3],"1":[3,0],"2":[3,0],"3":[0,3],"4":[0,3],"5":[0,3],"6":[0,3],"7":[0,3],"8":[0,2],"9":[0,0,0]},"inputSourceMap":null,"_coverageSchema":"1a1c01bbd47fc00a2c39e90264f33305004495a9","hash":"e89952862615da4f13f8a751dac7d6b964af2184"}
,"/home/pose1d0n/Desktop/javascript/Travel-Buddy-Finder/backend/services/matchService.js": {"path":"/home/pose1d0n/Desktop/javascript/Travel-Buddy-Finder/backend/services/matchService.js","statementMap":{"0":{"start":{"line":1,"column":13},"end":{"line":1,"column":38}},"1":{"start":{"line":11,"column":16},"end":{"line":11,"column":17}},"2":{"start":{"line":12,"column":22},"end":{"line":12,"column":23}},"3":{"start":{"line":15,"column":4},"end":{"line":21,"column":5}},"4":{"start":{"line":16,"column":21},"end":{"line":16,"column":24}},"5":{"start":{"line":17,"column":6},"end":{"line":17,"column":28}},"6":{"start":{"line":18,"column":6},"end":{"line":20,"column":7}},"7":{"start":{"line":19,"column":8},"end":{"line":19,"column":24}},"8":{"start":{"line":24,"column":4},"end":{"line":30,"column":5}},"9":{"start":{"line":25,"column":21},"end":{"line":25,"column":24}},"10":{"start":{"line":26,"column":6},"end":{"line":26,"column":28}},"11":{"start":{"line":27,"column":6},"end":{"line":29,"column":7}},"12":{"start":{"line":28,"column":8},"end":{"line":28,"column":24}},"13":{"start":{"line":33,"column":4},"end":{"line":43,"column":5}},"14":{"start":{"line":34,"column":21},"end":{"line":34,"column":24}},"15":{"start":{"line":35,"column":6},"end":{"line":35,"column":28}},"16":{"start":{"line":36,"column":30},"end":{"line":38,"column":7}},"17":{"start":{"line":37,"column":8},"end":{"line":37,"column":65}},"18":{"start":{"line":39,"column":6},"end":{"line":42,"column":8}},"19":{"start":{"line":46,"column":4},"end":{"line":54,"column":5}},"20":{"start":{"line":47,"column":21},"end":{"line":47,"column":24}},"21":{"start":{"line":48,"column":6},"end":{"line":48,"column":28}},"22":{"start":{"line":49,"column":6},"end":{"line":53,"column":7}},"23":{"start":{"line":52,"column":8},"end":{"line":52,"column":24}},"24":{"start":{"line":56,"column":4},"end":{"line":56,"column":53}},"25":{"start":{"line":68,"column":4},"end":{"line":94,"column":5}},"26":{"start":{"line":70,"column":31},"end":{"line":73,"column":68}},"27":{"start":{"line":76,"column":28},"end":{"line":79,"column":9}},"28":{"start":{"line":76,"column":58},"end":{"line":79,"column":7}},"29":{"start":{"line":82,"column":6},"end":{"line":91,"column":12}},"30":{"start":{"line":83,"column":25},"end":{"line":83,"column":48}},"31":{"start":{"line":84,"column":24},"end":{"line":84,"column":41}},"32":{"start":{"line":86,"column":23},"end":{"line":91,"column":9}},"33":{"start":{"line":93,"column":6},"end":{"line":93,"column":65}},"34":{"start":{"line":98,"column":0},"end":{"line":98,"column":30}}},"fnMap":{"0":{"name":"(anonymous_0)","decl":{"start":{"line":10,"column":2},"end":{"line":10,"column":3}},"loc":{"start":{"line":10,"column":53},"end":{"line":57,"column":3}},"line":10},"1":{"name":"(anonymous_1)","decl":{"start":{"line":36,"column":76},"end":{"line":36,"column":77}},"loc":{"start":{"line":37,"column":8},"end":{"line":37,"column":65}},"line":37},"2":{"name":"(anonymous_2)","decl":{"start":{"line":67,"column":2},"end":{"line":67,"column":3}},"loc":{"start":{"line":67,"column":80},"end":{"line":95,"column":3}},"line":67},"3":{"name":"(anonymous_3)","decl":{"start":{"line":76,"column":49},"end":{"line":76,"column":50}},"loc":{"start":{"line":76,"column":58},"end":{"line":79,"column":7}},"line":76},"4":{"name":"(anonymous_4)","decl":{"start":{"line":83,"column":16},"end":{"line":83,"column":17}},"loc":{"start":{"line":83,"column":25},"end":{"line":83,"column":48}},"line":83},"5":{"name":"(anonymous_5)","decl":{"start":{"line":84,"column":14},"end":{"line":84,"column":15}},"loc":{"start":{"line":84,"column":24},"end":{"line":84,"column":41}},"line":84},"6":{"name":"(anonymous_6)","decl":{"start":{"line":86,"column":13},"end":{"line":86,"column":14}},"loc":{"start":{"line":86,"column":23},"end":{"line":91,"column":9}},"line":86}},"branchMap":{"0":{"loc":{"start":{"line":15,"column":4},"end":{"line":21,"column":5}},"type":"if","locations":[{"start":{"line":15,"column":4},"end":{"line":21,"column":5}},{"start":{},"end":{}}],"line":15},"1":{"loc":{"start":{"line":15,"column":8},"end":{"line":15,"column":84}},"type":"binary-expr","locations":[{"start":{"line":15,"column":8},"end":{"line":15,"column":44}},{"start":{"line":15,"column":48},"end":{"line":15,"column":84}}],"line":15},"2":{"loc":{"start":{"line":18,"column":6},"end":{"line":20,"column":7}},"type":"if","locations":[{"start":{"line":18,"column":6},"end":{"line":20,"column":7}},{"start":{},"end":{}}],"line":18},"3":{"loc":{"start":{"line":24,"column":4},"end":{"line":30,"column":5}},"type":"if","locations":[{"start":{"line":24,"column":4},"end":{"line":30,"column":5}},{"start":{},"end":{}}],"line":24},"4":{"loc":{"start":{"line":24,"column":8},"end":{"line":24,"column":80}},"type":"binary-expr","locations":[{"start":{"line":24,"column":8},"end":{"line":24,"column":42}},{"start":{"line":24,"column":46},"end":{"line":24,"column":80}}],"line":24},"5":{"loc":{"start":{"line":27,"column":6},"end":{"line":29,"column":7}},"type":"if","locations":[{"start":{"line":27,"column":6},"end":{"line":29,"column":7}},{"start":{},"end":{}}],"line":27},"6":{"loc":{"start":{"line":33,"column":4},"end":{"line":43,"column":5}},"type":"if","locations":[{"start":{"line":33,"column":4},"end":{"line":43,"column":5}},{"start":{},"end":{}}],"line":33},"7":{"loc":{"start":{"line":33,"column":8},"end":{"line":33,"column":90}},"type":"binary-expr","locations":[{"start":{"line":33,"column":8},"end":{"line":33,"column":47}},{"start":{"line":33,"column":51},"end":{"line":33,"column":90}}],"line":33},"8":{"loc":{"start":{"line":46,"column":4},"end":{"line":54,"column":5}},"type":"if","locations":[{"start":{"line":46,"column":4},"end":{"line":54,"column":5}},{"start":{},"end":{}}],"line":46},"9":{"loc":{"start":{"line":46,"column":8},"end":{"line":46,"column":118}},"type":"binary-expr","locations":[{"start":{"line":46,"column":8},"end":{"line":46,"column":61}},{"start":{"line":46,"column":65},"end":{"line":46,"column":118}}],"line":46},"10":{"loc":{"start":{"line":49,"column":6},"end":{"line":53,"column":7}},"type":"if","locations":[{"start":{"line":49,"column":6},"end":{"line":53,"column":7}},{"start":{},"end":{}}],"line":49},"11":{"loc":{"start":{"line":49,"column":10},"end":{"line":51,"column":77}},"type":"binary-expr","locations":[{"start":{"line":49,"column":10},"end":{"line":49,"column":119}},{"start":{"line":50,"column":10},"end":{"line":50,"column":77}},{"start":{"line":51,"column":10},"end":{"line":51,"column":77}}],"line":49},"12":{"loc":{"start":{"line":56,"column":11},"end":{"line":56,"column":52}},"type":"cond-expr","locations":[{"start":{"line":56,"column":29},"end":{"line":56,"column":48}},{"start":{"line":56,"column":51},"end":{"line":56,"column":52}}],"line":56},"13":{"loc":{"start":{"line":67,"column":52},"end":{"line":67,"column":62}},"type":"default-arg","locations":[{"start":{"line":67,"column":60},"end":{"line":67,"column":62}}],"line":67},"14":{"loc":{"start":{"line":67,"column":64},"end":{"line":67,"column":78}},"type":"default-arg","locations":[{"start":{"line":67,"column":75},"end":{"line":67,"column":78}}],"line":67}},"s":{"0":1,"1":7,"2":7,"3":7,"4":7,"5":7,"6":7,"7":5,"8":7,"9":6,"10":6,"11":6,"12":2,"13":7,"14":6,"15":6,"16":6,"17":18,"18":6,"19":7,"20":6,"21":6,"22":6,"23":4,"24":7,"25":2,"26":2,"27":2,"28":3,"29":2,"30":3,"31":1,"32":2,"33":0,"34":1},"f":{"0":7,"1":18,"2":2,"3":3,"4":3,"5":1,"6":2},"b":{"0":[7,0],"1":[7,7],"2":[5,2],"3":[6,1],"4":[7,6],"5":[2,4],"6":[6,1],"7":[7,6],"8":[6,1],"9":[7,6],"10":[4,2],"11":[6,4,4],"12":[7,0],"13":[1],"14":[1]},"inputSourceMap":null,"_coverageSchema":"1a1c01bbd47fc00a2c39e90264f33305004495a9","hash":"2c61db5381b35779ae9a8769f679eb908042d44b"}
}
