TN:
SF:models/User.js
FN:166,(anonymous_0)
FN:183,(anonymous_1)
FN:205,(anonymous_2)
FN:213,(anonymous_3)
FN:218,(anonymous_4)
FN:220,(anonymous_5)
FN:221,(anonymous_6)
FN:222,(anonymous_7)
FNF:8
FNH:3
FNDA:3,(anonymous_0)
FNDA:3,(anonymous_1)
FNDA:2,(anonymous_2)
FNDA:0,(anonymous_3)
FNDA:0,(anonymous_4)
FNDA:0,(anonymous_5)
FNDA:0,(anonymous_6)
FNDA:0,(anonymous_7)
DA:1,1
DA:2,1
DA:3,1
DA:5,1
DA:162,1
DA:163,1
DA:166,1
DA:168,3
DA:170,3
DA:172,3
DA:175,3
DA:176,3
DA:178,0
DA:183,1
DA:184,3
DA:185,3
DA:186,0
DA:188,3
DA:189,0
DA:191,3
DA:192,0
DA:194,3
DA:195,0
DA:197,3
DA:198,0
DA:201,3
DA:205,1
DA:206,2
DA:207,0
DA:209,2
DA:213,1
DA:214,0
DA:218,1
DA:219,0
DA:220,0
DA:221,0
DA:222,0
DA:224,0
DA:230,1
DA:237,1
DA:243,1
DA:245,1
LF:42
LH:29
BRDA:168,0,0,0
BRDA:168,0,1,3
BRDA:184,1,0,3
BRDA:184,1,1,0
BRDA:184,2,0,3
BRDA:184,2,1,0
BRDA:185,3,0,0
BRDA:185,3,1,3
BRDA:188,4,0,0
BRDA:188,4,1,3
BRDA:191,5,0,0
BRDA:191,5,1,3
BRDA:194,6,0,0
BRDA:194,6,1,3
BRDA:197,7,0,0
BRDA:197,7,1,3
BRDA:206,8,0,0
BRDA:206,8,1,2
BRDA:224,9,0,0
BRDA:224,9,1,0
BRDA:224,9,2,0
BRF:21
BRH:9
end_of_record
TN:
SF:services/matchService.js
FN:10,(anonymous_0)
FN:36,(anonymous_1)
FN:67,(anonymous_2)
FN:76,(anonymous_3)
FN:83,(anonymous_4)
FN:84,(anonymous_5)
FN:86,(anonymous_6)
FNF:7
FNH:7
FNDA:7,(anonymous_0)
FNDA:18,(anonymous_1)
FNDA:2,(anonymous_2)
FNDA:3,(anonymous_3)
FNDA:3,(anonymous_4)
FNDA:1,(anonymous_5)
FNDA:2,(anonymous_6)
DA:1,1
DA:11,7
DA:12,7
DA:15,7
DA:16,7
DA:17,7
DA:18,7
DA:19,5
DA:24,7
DA:25,6
DA:26,6
DA:27,6
DA:28,2
DA:33,7
DA:34,6
DA:35,6
DA:36,6
DA:37,18
DA:39,6
DA:46,7
DA:47,6
DA:48,6
DA:49,6
DA:52,4
DA:56,7
DA:68,2
DA:70,2
DA:76,3
DA:82,2
DA:83,3
DA:84,1
DA:86,2
DA:93,0
DA:98,1
LF:34
LH:33
BRDA:15,0,0,7
BRDA:15,0,1,0
BRDA:15,1,0,7
BRDA:15,1,1,7
BRDA:18,2,0,5
BRDA:18,2,1,2
BRDA:24,3,0,6
BRDA:24,3,1,1
BRDA:24,4,0,7
BRDA:24,4,1,6
BRDA:27,5,0,2
BRDA:27,5,1,4
BRDA:33,6,0,6
BRDA:33,6,1,1
BRDA:33,7,0,7
BRDA:33,7,1,6
BRDA:46,8,0,6
BRDA:46,8,1,1
BRDA:46,9,0,7
BRDA:46,9,1,6
BRDA:49,10,0,4
BRDA:49,10,1,2
BRDA:49,11,0,6
BRDA:49,11,1,4
BRDA:49,11,2,4
BRDA:56,12,0,7
BRDA:56,12,1,0
BRDA:67,13,0,1
BRDA:67,14,0,1
BRF:29
BRH:27
end_of_record
