TN:
SF:models/Match.js
FN:74,(anonymous_0)
FN:79,(anonymous_1)
FN:151,(anonymous_2)
FN:166,(anonymous_3)
FN:180,(anonymous_4)
FN:181,(anonymous_5)
FN:189,(anonymous_6)
FN:213,(anonymous_7)
FN:214,(anonymous_8)
FN:224,(anonymous_9)
FN:234,(anonymous_10)
FN:240,(anonymous_11)
FN:253,(anonymous_12)
FN:265,(anonymous_13)
FN:285,(anonymous_14)
FN:286,(anonymous_15)
FN:292,(anonymous_16)
FN:306,(anonymous_17)
FNF:18
FNH:0
FNDA:0,(anonymous_0)
FNDA:0,(anonymous_1)
FNDA:0,(anonymous_2)
FNDA:0,(anonymous_3)
FNDA:0,(anonymous_4)
FNDA:0,(anonymous_5)
FNDA:0,(anonymous_6)
FNDA:0,(anonymous_7)
FNDA:0,(anonymous_8)
FNDA:0,(anonymous_9)
FNDA:0,(anonymous_10)
FNDA:0,(anonymous_11)
FNDA:0,(anonymous_12)
FNDA:0,(anonymous_13)
FNDA:0,(anonymous_14)
FNDA:0,(anonymous_15)
FNDA:0,(anonymous_16)
FNDA:0,(anonymous_17)
DA:1,1
DA:3,1
DA:68,1
DA:69,1
DA:70,1
DA:71,1
DA:74,1
DA:75,0
DA:79,1
DA:80,0
DA:81,0
DA:91,0
DA:92,0
DA:96,0
DA:97,0
DA:98,0
DA:99,0
DA:102,0
DA:106,0
DA:107,0
DA:110,0
DA:114,0
DA:118,0
DA:121,0
DA:127,0
DA:130,0
DA:134,0
DA:137,0
DA:141,0
DA:144,0
DA:146,0
DA:147,0
DA:151,1
DA:152,0
DA:160,0
DA:161,0
DA:162,0
DA:166,1
DA:167,0
DA:180,0
DA:181,0
DA:182,0
DA:184,0
DA:185,0
DA:189,1
DA:190,0
DA:197,0
DA:203,0
DA:206,0
DA:209,0
DA:213,1
DA:214,0
DA:216,0
DA:223,0
DA:224,0
DA:225,0
DA:226,0
DA:229,0
DA:232,0
DA:233,0
DA:234,0
DA:236,0
DA:240,1
DA:241,0
DA:244,0
DA:245,0
DA:249,0
DA:253,0
DA:254,0
DA:256,0
DA:257,0
DA:261,0
DA:265,1
DA:266,0
DA:267,0
DA:268,0
DA:269,0
DA:271,0
DA:273,0
DA:274,0
DA:275,0
DA:276,0
DA:281,0
DA:285,1
DA:286,0
DA:287,0
DA:288,0
DA:292,1
DA:293,0
DA:300,0
DA:301,0
DA:302,0
DA:306,1
DA:307,0
DA:315,0
DA:318,1
DA:320,1
LF:97
LH:19
BRDA:79,0,0,0
BRDA:79,1,0,0
BRDA:91,2,0,0
BRDA:91,2,1,0
BRDA:91,3,0,0
BRDA:91,3,1,0
BRDA:106,4,0,0
BRDA:106,4,1,0
BRDA:106,5,0,0
BRDA:106,5,1,0
BRDA:160,6,0,0
BRDA:160,6,1,0
BRDA:161,7,0,0
BRDA:161,7,1,0
BRDA:182,8,0,0
BRDA:182,8,1,0
BRDA:203,9,0,0
BRDA:203,9,1,0
BRDA:204,10,0,0
BRDA:204,10,1,0
BRDA:206,11,0,0
BRDA:206,11,1,0
BRDA:207,12,0,0
BRDA:207,12,1,0
BRDA:224,13,0,0
BRDA:224,13,1,0
BRDA:244,14,0,0
BRDA:244,14,1,0
BRDA:244,15,0,0
BRDA:244,15,1,0
BRDA:253,16,0,0
BRDA:253,16,1,0
BRDA:256,17,0,0
BRDA:256,17,1,0
BRDA:271,18,0,0
BRDA:271,18,1,0
BRDA:271,19,0,0
BRDA:271,19,1,0
BRDA:300,20,0,0
BRDA:300,20,1,0
BRDA:301,21,0,0
BRDA:301,21,1,0
BRDA:306,22,0,0
BRF:43
BRH:0
end_of_record
TN:
SF:models/Swipe.js
FNF:0
FNH:0
DA:1,1
DA:3,1
DA:26,1
DA:28,1
DA:30,1
LF:5
LH:5
BRF:0
BRH:0
end_of_record
TN:
SF:models/User.js
FN:29,(anonymous_0)
FN:176,(anonymous_1)
FN:198,(anonymous_2)
FN:220,(anonymous_3)
FN:228,(anonymous_4)
FN:233,(anonymous_5)
FN:235,(anonymous_6)
FN:236,(anonymous_7)
FN:237,(anonymous_8)
FNF:9
FNH:4
FNDA:8,(anonymous_0)
FNDA:8,(anonymous_1)
FNDA:8,(anonymous_2)
FNDA:4,(anonymous_3)
FNDA:0,(anonymous_4)
FNDA:0,(anonymous_5)
FNDA:0,(anonymous_6)
FNDA:0,(anonymous_7)
FNDA:0,(anonymous_8)
DA:1,1
DA:2,1
DA:3,1
DA:5,1
DA:30,8
DA:172,1
DA:173,1
DA:176,1
DA:178,8
DA:180,8
DA:182,8
DA:183,0
DA:187,8
DA:190,8
DA:191,8
DA:193,0
DA:198,1
DA:199,8
DA:200,8
DA:201,0
DA:203,8
DA:204,0
DA:206,8
DA:207,0
DA:209,8
DA:210,0
DA:212,8
DA:213,0
DA:216,8
DA:220,1
DA:221,4
DA:222,0
DA:224,4
DA:228,1
DA:229,0
DA:233,1
DA:234,0
DA:235,0
DA:236,0
DA:237,0
DA:239,0
DA:245,1
DA:252,1
DA:258,1
DA:260,1
LF:45
LH:31
BRDA:178,0,0,0
BRDA:178,0,1,8
BRDA:182,1,0,0
BRDA:182,1,1,8
BRDA:182,2,0,8
BRDA:182,2,1,8
BRDA:199,3,0,8
BRDA:199,3,1,0
BRDA:199,4,0,8
BRDA:199,4,1,0
BRDA:200,5,0,0
BRDA:200,5,1,8
BRDA:203,6,0,0
BRDA:203,6,1,8
BRDA:206,7,0,0
BRDA:206,7,1,8
BRDA:209,8,0,0
BRDA:209,8,1,8
BRDA:212,9,0,0
BRDA:212,9,1,8
BRDA:221,10,0,0
BRDA:221,10,1,4
BRDA:239,11,0,0
BRDA:239,11,1,0
BRDA:239,11,2,0
BRF:25
BRH:12
end_of_record
TN:
SF:services/matchService.js
FN:14,(anonymous_0)
FN:84,(anonymous_1)
FN:110,(anonymous_2)
FN:142,(anonymous_3)
FN:151,(anonymous_4)
FN:158,(anonymous_5)
FN:159,(anonymous_6)
FN:161,(anonymous_7)
FNF:8
FNH:3
FNDA:8,(anonymous_0)
FNDA:2,(anonymous_1)
FNDA:4,(anonymous_2)
FNDA:0,(anonymous_3)
FNDA:0,(anonymous_4)
FNDA:0,(anonymous_5)
FNDA:0,(anonymous_6)
FNDA:0,(anonymous_7)
DA:1,1
DA:2,1
DA:3,1
DA:4,1
DA:15,8
DA:17,8
DA:23,7
DA:26,7
DA:27,6
DA:33,6
DA:35,2
DA:41,2
DA:44,2
DA:58,2
DA:60,2
DA:68,5
DA:73,1
DA:74,1
DA:85,2
DA:86,2
DA:89,2
DA:90,2
DA:91,2
DA:92,2
DA:93,2
DA:98,2
DA:99,2
DA:100,2
DA:101,2
DA:102,2
DA:107,2
DA:108,2
DA:109,2
DA:110,2
DA:111,4
DA:113,2
DA:120,2
DA:121,2
DA:122,2
DA:123,2
DA:126,2
DA:131,2
DA:143,0
DA:145,0
DA:151,0
DA:157,0
DA:158,0
DA:159,0
DA:161,0
DA:168,0
DA:173,1
LF:51
LH:43
BRDA:26,0,0,6
BRDA:26,0,1,1
BRDA:33,1,0,2
BRDA:33,1,1,4
BRDA:89,2,0,2
BRDA:89,2,1,0
BRDA:89,3,0,2
BRDA:89,3,1,2
BRDA:92,4,0,2
BRDA:92,4,1,0
BRDA:98,5,0,2
BRDA:98,5,1,0
BRDA:98,6,0,2
BRDA:98,6,1,2
BRDA:101,7,0,2
BRDA:101,7,1,0
BRDA:107,8,0,2
BRDA:107,8,1,0
BRDA:107,9,0,2
BRDA:107,9,1,2
BRDA:120,10,0,2
BRDA:120,10,1,0
BRDA:120,11,0,2
BRDA:120,11,1,2
BRDA:123,12,0,2
BRDA:123,12,1,0
BRDA:123,13,0,2
BRDA:123,13,1,0
BRDA:123,13,2,0
BRDA:131,14,0,2
BRDA:131,14,1,0
BRDA:142,15,0,0
BRDA:142,16,0,0
BRF:33
BRH:21
end_of_record
TN:
SF:utils/logger.js
FN:6,(anonymous_0)
FNF:1
FNH:1
FNDA:20,(anonymous_0)
DA:1,1
DA:4,1
DA:7,20
DA:12,1
DA:31,1
LF:5
LH:5
BRF:0
BRH:0
end_of_record
